ISim log file
Running: G:\Sem IV\Hardware Lab\assignment1\counter_isim_beh.exe -intstyle ise -gui -tclbatch isim.cmd -wdb G:/Sem IV/Hardware Lab/assignment1/counter_isim_beh.wdb 
ISim P.15xf (signature 0xc3576ebc)
----------------------------------------------------------------------
WARNING:Security:42 - Your software subscription period has lapsed. Your current version of Xilinx tools will continue to function, but you no longer qualify for Xilinx software updates or new releases.


----------------------------------------------------------------------
This is a Full version of ISim.
Time resolution is 1 ps
# onerror resume
# wave add /
# run 1000 ns
Simulator is doing circuit initialization process.
Finished circuit initialization process.
# isim force add /counter/enable 1 -radix bin
# isim force add /counter/enable 1 -radix bin
# isim force add /counter/clk 1 -radix bin -value 0 -radix bin -time 20 ns -repeat 40 ns
# isim force add /counter/clk 1 -radix bin -value 0 -radix bin -time 20 ns -repeat 40 ns
# isim force add /counter/reset 0 -radix bin
# isim force add /counter/reset 0 -radix bin
# run 1.00us
